<?xml version="1.0" encoding="UTF-8"?>
<!-- Generated by org.testng.reporters.JUnitXMLReporter -->
<testsuite hostname="Veeranti" ignored="0" name="Free CRM App Test Cases" tests="10" failures="4" timestamp="03 Jun 2018 16:07:03 GMT" time="431.009" errors="0">
  <testcase name="validateLogincredentials" time="9.525" classname="com.qa.testcases.LoginPageTest"/>
  <testcase name="validateLogincredentials" time="2.358" classname="com.qa.testcases.LoginPageTest">
    <failure type="java.lang.AssertionError" message="Test Fail expected [Sign-on: Mercury Tours] but found [Find a Flight: Mercury Tours:]">
      <![CDATA[java.lang.AssertionError: Test Fail expected [Sign-on: Mercury Tours] but found [Find a Flight: Mercury Tours:]
	at com.qa.testcases.LoginPageTest.validateLogincredentials(LoginPageTest.java:52)
... Removed 30 stack frames]]>
    </failure>
  </testcase> <!-- validateLogincredentials -->
  <testcase name="validateLogincredentials" time="7.482" classname="com.qa.testcases.LoginPageTest">
    <failure type="java.lang.AssertionError" message="Test Fail expected [Sign-on: Mercury Tours] but found [Find a Flight: Mercury Tours:]">
      <![CDATA[java.lang.AssertionError: Test Fail expected [Sign-on: Mercury Tours] but found [Find a Flight: Mercury Tours:]
	at com.qa.testcases.LoginPageTest.validateLogincredentials(LoginPageTest.java:52)
... Removed 30 stack frames]]>
    </failure>
  </testcase> <!-- validateLogincredentials -->
  <testcase name="validateLogincredentials" time="5.937" classname="com.qa.testcases.LoginPageTest"/>
  <testcase name="validateLogincredentials" time="2.305" classname="com.qa.testcases.LoginPageTest">
    <failure type="java.lang.AssertionError" message="Test Fail expected [Sign-on: Mercury Tours] but found [Find a Flight: Mercury Tours:]">
      <![CDATA[java.lang.AssertionError: Test Fail expected [Sign-on: Mercury Tours] but found [Find a Flight: Mercury Tours:]
	at com.qa.testcases.LoginPageTest.validateLogincredentials(LoginPageTest.java:52)
... Removed 30 stack frames]]>
    </failure>
  </testcase> <!-- validateLogincredentials -->
  <testcase name="validateLogincredentials" time="4.087" classname="com.qa.testcases.LoginPageTest">
    <failure type="java.lang.AssertionError" message="Test Fail expected [Sign-on: Mercury Tours] but found [Find a Flight: Mercury Tours:]">
      <![CDATA[java.lang.AssertionError: Test Fail expected [Sign-on: Mercury Tours] but found [Find a Flight: Mercury Tours:]
	at com.qa.testcases.LoginPageTest.validateLogincredentials(LoginPageTest.java:52)
... Removed 30 stack frames]]>
    </failure>
  </testcase> <!-- validateLogincredentials -->
  <testcase name="validateLogincredentials" time="4.383" classname="com.qa.testcases.LoginPageTest"/>
  <testcase name="validateLogincredentials" time="4.215" classname="com.qa.testcases.LoginPageTest"/>
  <testcase name="validateLogincredentials" time="4.537" classname="com.qa.testcases.LoginPageTest"/>
  <testcase name="validateLogincredentials" time="4.478" classname="com.qa.testcases.LoginPageTest"/>
</testsuite> <!-- Free CRM App Test Cases -->
