<?xml version="1.0" encoding="UTF-8"?>
<!-- Generated by org.testng.reporters.JUnitXMLReporter -->
<testsuite hostname="Veeranti" ignored="0" name="Default test" tests="4" failures="0" timestamp="12 Jun 2018 18:55:14 GMT" time="163.899" errors="0">
  <testcase name="validateLogincredentialsTest" time="2.98" classname="com.qa.testcases.RegistrationPageTest"/>
  <testcase name="validateLogincredentialsTest" time="7.074" classname="com.qa.testcases.RegistrationPageTest"/>
  <testcase name="validateLogincredentialsTest" time="5.525" classname="com.qa.testcases.RegistrationPageTest"/>
  <testcase name="validateLogincredentialsTest" time="4.291" classname="com.qa.testcases.RegistrationPageTest"/>
</testsuite> <!-- Default test -->
