<?xml version="1.0" encoding="UTF-8"?>
<!-- Generated by org.testng.reporters.JUnitXMLReporter -->
<testsuite ignored="0" hostname="HICWW7NA512SG3W" failures="0" tests="2" name="Default test" time="15.017" errors="0" timestamp="12 Jun 2018 16:21:51 GMT">
  <testcase classname="com.qa.testcases.RegistrationPageTest" name="validateLogincredentialsTest" time="1.833"/>
  <testcase classname="com.qa.testcases.RegistrationPageTest" name="validateLogincredentialsTest" time="1.946"/>
</testsuite> <!-- Default test -->
