<?xml version="1.0" encoding="UTF-8"?>
<testng-results skipped="0" failed="4" ignored="0" total="10" passed="6">
  <reporter-output>
  </reporter-output>
  <suite name="Default suite" duration-ms="434840" started-at="2018-06-03T15:38:54Z" finished-at="2018-06-03T15:46:08Z">
    <groups>
    </groups>
    <test name="Default test" duration-ms="434840" started-at="2018-06-03T15:38:54Z" finished-at="2018-06-03T15:46:08Z">
      <class name="com.qa.testcases.LoginPageTest">
        <test-method status="PASS" signature="Setup()[pri:0, instance:com.qa.testcases.LoginPageTest@18067a5]" name="Setup" is-config="true" duration-ms="38116" started-at="2018-06-03T21:08:55Z" finished-at="2018-06-03T21:09:33Z">
          <reporter-output>
          </reporter-output>
        </test-method> <!-- Setup -->
        <test-method status="PASS" signature="validateLogincredentials(java.lang.String, java.lang.String)[pri:1, instance:com.qa.testcases.LoginPageTest@18067a5]" name="validateLogincredentials" duration-ms="4341" started-at="2018-06-03T21:09:33Z" data-provider="getNewToursTestData" finished-at="2018-06-03T21:09:37Z">
          <params>
            <param index="0">
              <value>
                <![CDATA[tutorial]]>
              </value>
            </param>
            <param index="1">
              <value>
                <![CDATA[tutorial]]>
              </value>
            </param>
          </params>
          <reporter-output>
          </reporter-output>
        </test-method> <!-- validateLogincredentials -->
        <test-method status="PASS" signature="TearDown()[pri:0, instance:com.qa.testcases.LoginPageTest@18067a5]" name="TearDown" is-config="true" duration-ms="183" started-at="2018-06-03T21:09:37Z" finished-at="2018-06-03T21:09:37Z">
          <reporter-output>
          </reporter-output>
        </test-method> <!-- TearDown -->
        <test-method status="PASS" signature="Setup()[pri:0, instance:com.qa.testcases.LoginPageTest@18067a5]" name="Setup" is-config="true" duration-ms="39673" started-at="2018-06-03T21:09:37Z" finished-at="2018-06-03T21:10:17Z">
          <reporter-output>
          </reporter-output>
        </test-method> <!-- Setup -->
        <test-method status="FAIL" signature="validateLogincredentials(java.lang.String, java.lang.String)[pri:1, instance:com.qa.testcases.LoginPageTest@18067a5]" name="validateLogincredentials" duration-ms="5662" started-at="2018-06-03T21:10:17Z" data-provider="getNewToursTestData" finished-at="2018-06-03T21:10:23Z">
          <params>
            <param index="0">
              <value>
                <![CDATA[TUTORIAL]]>
              </value>
            </param>
            <param index="1">
              <value>
                <![CDATA[TUTORIAL]]>
              </value>
            </param>
          </params>
          <exception class="java.lang.AssertionError">
            <message>
              <![CDATA[Test Fail expected [Sign-on: Mercury Tours] but found [Find a Flight: Mercury Tours:]]]>
            </message>
            <full-stacktrace>
              <![CDATA[java.lang.AssertionError: Test Fail expected [Sign-on: Mercury Tours] but found [Find a Flight: Mercury Tours:]
	at org.testng.Assert.fail(Assert.java:93)
	at org.testng.Assert.failNotEquals(Assert.java:512)
	at org.testng.Assert.assertEqualsImpl(Assert.java:134)
	at org.testng.Assert.assertEquals(Assert.java:115)
	at org.testng.Assert.assertEquals(Assert.java:189)
	at com.qa.testcases.LoginPageTest.validateLogincredentials(LoginPageTest.java:52)
	at sun.reflect.NativeMethodAccessorImpl.invoke0(Native Method)
	at sun.reflect.NativeMethodAccessorImpl.invoke(NativeMethodAccessorImpl.java:62)
	at sun.reflect.DelegatingMethodAccessorImpl.invoke(DelegatingMethodAccessorImpl.java:43)
	at java.lang.reflect.Method.invoke(Method.java:497)
	at org.testng.internal.MethodInvocationHelper.invokeMethod(MethodInvocationHelper.java:108)
	at org.testng.internal.Invoker.invokeMethod(Invoker.java:661)
	at org.testng.internal.Invoker.invokeTestMethod(Invoker.java:869)
	at org.testng.internal.Invoker.invokeTestMethods(Invoker.java:1193)
	at org.testng.internal.TestMethodWorker.invokeTestMethods(TestMethodWorker.java:126)
	at org.testng.internal.TestMethodWorker.run(TestMethodWorker.java:109)
	at org.testng.TestRunner.privateRun(TestRunner.java:744)
	at org.testng.TestRunner.run(TestRunner.java:602)
	at org.testng.SuiteRunner.runTest(SuiteRunner.java:380)
	at org.testng.SuiteRunner.runSequentially(SuiteRunner.java:375)
	at org.testng.SuiteRunner.privateRun(SuiteRunner.java:340)
	at org.testng.SuiteRunner.run(SuiteRunner.java:289)
	at org.testng.SuiteRunnerWorker.runSuite(SuiteRunnerWorker.java:52)
	at org.testng.SuiteRunnerWorker.run(SuiteRunnerWorker.java:86)
	at org.testng.TestNG.runSuitesSequentially(TestNG.java:1301)
	at org.testng.TestNG.runSuitesLocally(TestNG.java:1226)
	at org.testng.TestNG.runSuites(TestNG.java:1144)
	at org.testng.TestNG.run(TestNG.java:1115)
	at org.testng.remote.AbstractRemoteTestNG.run(AbstractRemoteTestNG.java:114)
	at org.testng.remote.RemoteTestNG.initAndRun(RemoteTestNG.java:251)
	at org.testng.remote.RemoteTestNG.main(RemoteTestNG.java:77)
]]>
            </full-stacktrace>
          </exception> <!-- java.lang.AssertionError -->
          <reporter-output>
          </reporter-output>
        </test-method> <!-- validateLogincredentials -->
        <test-method status="PASS" signature="TearDown()[pri:0, instance:com.qa.testcases.LoginPageTest@18067a5]" name="TearDown" is-config="true" duration-ms="2063" started-at="2018-06-03T21:10:23Z" finished-at="2018-06-03T21:10:25Z">
          <reporter-output>
          </reporter-output>
        </test-method> <!-- TearDown -->
        <test-method status="PASS" signature="Setup()[pri:0, instance:com.qa.testcases.LoginPageTest@18067a5]" name="Setup" is-config="true" duration-ms="35474" started-at="2018-06-03T21:10:25Z" finished-at="2018-06-03T21:11:00Z">
          <reporter-output>
          </reporter-output>
        </test-method> <!-- Setup -->
        <test-method status="FAIL" signature="validateLogincredentials(java.lang.String, java.lang.String)[pri:1, instance:com.qa.testcases.LoginPageTest@18067a5]" name="validateLogincredentials" duration-ms="2284" started-at="2018-06-03T21:11:00Z" data-provider="getNewToursTestData" finished-at="2018-06-03T21:11:02Z">
          <params>
            <param index="0">
              <value>
                <![CDATA[TEST]]>
              </value>
            </param>
            <param index="1">
              <value>
                <![CDATA[TEST]]>
              </value>
            </param>
          </params>
          <exception class="java.lang.AssertionError">
            <message>
              <![CDATA[Test Fail expected [Sign-on: Mercury Tours] but found [Find a Flight: Mercury Tours:]]]>
            </message>
            <full-stacktrace>
              <![CDATA[java.lang.AssertionError: Test Fail expected [Sign-on: Mercury Tours] but found [Find a Flight: Mercury Tours:]
	at org.testng.Assert.fail(Assert.java:93)
	at org.testng.Assert.failNotEquals(Assert.java:512)
	at org.testng.Assert.assertEqualsImpl(Assert.java:134)
	at org.testng.Assert.assertEquals(Assert.java:115)
	at org.testng.Assert.assertEquals(Assert.java:189)
	at com.qa.testcases.LoginPageTest.validateLogincredentials(LoginPageTest.java:52)
	at sun.reflect.NativeMethodAccessorImpl.invoke0(Native Method)
	at sun.reflect.NativeMethodAccessorImpl.invoke(NativeMethodAccessorImpl.java:62)
	at sun.reflect.DelegatingMethodAccessorImpl.invoke(DelegatingMethodAccessorImpl.java:43)
	at java.lang.reflect.Method.invoke(Method.java:497)
	at org.testng.internal.MethodInvocationHelper.invokeMethod(MethodInvocationHelper.java:108)
	at org.testng.internal.Invoker.invokeMethod(Invoker.java:661)
	at org.testng.internal.Invoker.invokeTestMethod(Invoker.java:869)
	at org.testng.internal.Invoker.invokeTestMethods(Invoker.java:1193)
	at org.testng.internal.TestMethodWorker.invokeTestMethods(TestMethodWorker.java:126)
	at org.testng.internal.TestMethodWorker.run(TestMethodWorker.java:109)
	at org.testng.TestRunner.privateRun(TestRunner.java:744)
	at org.testng.TestRunner.run(TestRunner.java:602)
	at org.testng.SuiteRunner.runTest(SuiteRunner.java:380)
	at org.testng.SuiteRunner.runSequentially(SuiteRunner.java:375)
	at org.testng.SuiteRunner.privateRun(SuiteRunner.java:340)
	at org.testng.SuiteRunner.run(SuiteRunner.java:289)
	at org.testng.SuiteRunnerWorker.runSuite(SuiteRunnerWorker.java:52)
	at org.testng.SuiteRunnerWorker.run(SuiteRunnerWorker.java:86)
	at org.testng.TestNG.runSuitesSequentially(TestNG.java:1301)
	at org.testng.TestNG.runSuitesLocally(TestNG.java:1226)
	at org.testng.TestNG.runSuites(TestNG.java:1144)
	at org.testng.TestNG.run(TestNG.java:1115)
	at org.testng.remote.AbstractRemoteTestNG.run(AbstractRemoteTestNG.java:114)
	at org.testng.remote.RemoteTestNG.initAndRun(RemoteTestNG.java:251)
	at org.testng.remote.RemoteTestNG.main(RemoteTestNG.java:77)
]]>
            </full-stacktrace>
          </exception> <!-- java.lang.AssertionError -->
          <reporter-output>
          </reporter-output>
        </test-method> <!-- validateLogincredentials -->
        <test-method status="PASS" signature="TearDown()[pri:0, instance:com.qa.testcases.LoginPageTest@18067a5]" name="TearDown" is-config="true" duration-ms="156" started-at="2018-06-03T21:11:02Z" finished-at="2018-06-03T21:11:03Z">
          <reporter-output>
          </reporter-output>
        </test-method> <!-- TearDown -->
        <test-method status="PASS" signature="Setup()[pri:0, instance:com.qa.testcases.LoginPageTest@18067a5]" name="Setup" is-config="true" duration-ms="36804" started-at="2018-06-03T21:11:03Z" finished-at="2018-06-03T21:11:39Z">
          <reporter-output>
          </reporter-output>
        </test-method> <!-- Setup -->
        <test-method status="PASS" signature="validateLogincredentials(java.lang.String, java.lang.String)[pri:1, instance:com.qa.testcases.LoginPageTest@18067a5]" name="validateLogincredentials" duration-ms="4443" started-at="2018-06-03T21:11:39Z" data-provider="getNewToursTestData" finished-at="2018-06-03T21:11:44Z">
          <params>
            <param index="0">
              <value>
                <![CDATA[tutorial]]>
              </value>
            </param>
            <param index="1">
              <value>
                <![CDATA[tutorial]]>
              </value>
            </param>
          </params>
          <reporter-output>
          </reporter-output>
        </test-method> <!-- validateLogincredentials -->
        <test-method status="PASS" signature="TearDown()[pri:0, instance:com.qa.testcases.LoginPageTest@18067a5]" name="TearDown" is-config="true" duration-ms="2308" started-at="2018-06-03T21:11:44Z" finished-at="2018-06-03T21:11:46Z">
          <reporter-output>
          </reporter-output>
        </test-method> <!-- TearDown -->
        <test-method status="PASS" signature="Setup()[pri:0, instance:com.qa.testcases.LoginPageTest@18067a5]" name="Setup" is-config="true" duration-ms="36218" started-at="2018-06-03T21:11:46Z" finished-at="2018-06-03T21:12:22Z">
          <reporter-output>
          </reporter-output>
        </test-method> <!-- Setup -->
        <test-method status="FAIL" signature="validateLogincredentials(java.lang.String, java.lang.String)[pri:1, instance:com.qa.testcases.LoginPageTest@18067a5]" name="validateLogincredentials" duration-ms="2220" started-at="2018-06-03T21:12:22Z" data-provider="getNewToursTestData" finished-at="2018-06-03T21:12:25Z">
          <params>
            <param index="0">
              <value>
                <![CDATA[test]]>
              </value>
            </param>
            <param index="1">
              <value>
                <![CDATA[test555]]>
              </value>
            </param>
          </params>
          <exception class="java.lang.AssertionError">
            <message>
              <![CDATA[Test Fail expected [Sign-on: Mercury Tours] but found [Find a Flight: Mercury Tours:]]]>
            </message>
            <full-stacktrace>
              <![CDATA[java.lang.AssertionError: Test Fail expected [Sign-on: Mercury Tours] but found [Find a Flight: Mercury Tours:]
	at org.testng.Assert.fail(Assert.java:93)
	at org.testng.Assert.failNotEquals(Assert.java:512)
	at org.testng.Assert.assertEqualsImpl(Assert.java:134)
	at org.testng.Assert.assertEquals(Assert.java:115)
	at org.testng.Assert.assertEquals(Assert.java:189)
	at com.qa.testcases.LoginPageTest.validateLogincredentials(LoginPageTest.java:52)
	at sun.reflect.NativeMethodAccessorImpl.invoke0(Native Method)
	at sun.reflect.NativeMethodAccessorImpl.invoke(NativeMethodAccessorImpl.java:62)
	at sun.reflect.DelegatingMethodAccessorImpl.invoke(DelegatingMethodAccessorImpl.java:43)
	at java.lang.reflect.Method.invoke(Method.java:497)
	at org.testng.internal.MethodInvocationHelper.invokeMethod(MethodInvocationHelper.java:108)
	at org.testng.internal.Invoker.invokeMethod(Invoker.java:661)
	at org.testng.internal.Invoker.invokeTestMethod(Invoker.java:869)
	at org.testng.internal.Invoker.invokeTestMethods(Invoker.java:1193)
	at org.testng.internal.TestMethodWorker.invokeTestMethods(TestMethodWorker.java:126)
	at org.testng.internal.TestMethodWorker.run(TestMethodWorker.java:109)
	at org.testng.TestRunner.privateRun(TestRunner.java:744)
	at org.testng.TestRunner.run(TestRunner.java:602)
	at org.testng.SuiteRunner.runTest(SuiteRunner.java:380)
	at org.testng.SuiteRunner.runSequentially(SuiteRunner.java:375)
	at org.testng.SuiteRunner.privateRun(SuiteRunner.java:340)
	at org.testng.SuiteRunner.run(SuiteRunner.java:289)
	at org.testng.SuiteRunnerWorker.runSuite(SuiteRunnerWorker.java:52)
	at org.testng.SuiteRunnerWorker.run(SuiteRunnerWorker.java:86)
	at org.testng.TestNG.runSuitesSequentially(TestNG.java:1301)
	at org.testng.TestNG.runSuitesLocally(TestNG.java:1226)
	at org.testng.TestNG.runSuites(TestNG.java:1144)
	at org.testng.TestNG.run(TestNG.java:1115)
	at org.testng.remote.AbstractRemoteTestNG.run(AbstractRemoteTestNG.java:114)
	at org.testng.remote.RemoteTestNG.initAndRun(RemoteTestNG.java:251)
	at org.testng.remote.RemoteTestNG.main(RemoteTestNG.java:77)
]]>
            </full-stacktrace>
          </exception> <!-- java.lang.AssertionError -->
          <reporter-output>
          </reporter-output>
        </test-method> <!-- validateLogincredentials -->
        <test-method status="PASS" signature="TearDown()[pri:0, instance:com.qa.testcases.LoginPageTest@18067a5]" name="TearDown" is-config="true" duration-ms="94" started-at="2018-06-03T21:12:25Z" finished-at="2018-06-03T21:12:25Z">
          <reporter-output>
          </reporter-output>
        </test-method> <!-- TearDown -->
        <test-method status="PASS" signature="Setup()[pri:0, instance:com.qa.testcases.LoginPageTest@18067a5]" name="Setup" is-config="true" duration-ms="41367" started-at="2018-06-03T21:12:25Z" finished-at="2018-06-03T21:13:06Z">
          <reporter-output>
          </reporter-output>
        </test-method> <!-- Setup -->
        <test-method status="FAIL" signature="validateLogincredentials(java.lang.String, java.lang.String)[pri:1, instance:com.qa.testcases.LoginPageTest@18067a5]" name="validateLogincredentials" duration-ms="5191" started-at="2018-06-03T21:13:06Z" data-provider="getNewToursTestData" finished-at="2018-06-03T21:13:11Z">
          <params>
            <param index="0">
              <value>
                <![CDATA[naveen]]>
              </value>
            </param>
            <param index="1">
              <value>
                <![CDATA[naveen@123]]>
              </value>
            </param>
          </params>
          <exception class="java.lang.AssertionError">
            <message>
              <![CDATA[Test Fail expected [Sign-on: Mercury Tours] but found [Find a Flight: Mercury Tours:]]]>
            </message>
            <full-stacktrace>
              <![CDATA[java.lang.AssertionError: Test Fail expected [Sign-on: Mercury Tours] but found [Find a Flight: Mercury Tours:]
	at org.testng.Assert.fail(Assert.java:93)
	at org.testng.Assert.failNotEquals(Assert.java:512)
	at org.testng.Assert.assertEqualsImpl(Assert.java:134)
	at org.testng.Assert.assertEquals(Assert.java:115)
	at org.testng.Assert.assertEquals(Assert.java:189)
	at com.qa.testcases.LoginPageTest.validateLogincredentials(LoginPageTest.java:52)
	at sun.reflect.NativeMethodAccessorImpl.invoke0(Native Method)
	at sun.reflect.NativeMethodAccessorImpl.invoke(NativeMethodAccessorImpl.java:62)
	at sun.reflect.DelegatingMethodAccessorImpl.invoke(DelegatingMethodAccessorImpl.java:43)
	at java.lang.reflect.Method.invoke(Method.java:497)
	at org.testng.internal.MethodInvocationHelper.invokeMethod(MethodInvocationHelper.java:108)
	at org.testng.internal.Invoker.invokeMethod(Invoker.java:661)
	at org.testng.internal.Invoker.invokeTestMethod(Invoker.java:869)
	at org.testng.internal.Invoker.invokeTestMethods(Invoker.java:1193)
	at org.testng.internal.TestMethodWorker.invokeTestMethods(TestMethodWorker.java:126)
	at org.testng.internal.TestMethodWorker.run(TestMethodWorker.java:109)
	at org.testng.TestRunner.privateRun(TestRunner.java:744)
	at org.testng.TestRunner.run(TestRunner.java:602)
	at org.testng.SuiteRunner.runTest(SuiteRunner.java:380)
	at org.testng.SuiteRunner.runSequentially(SuiteRunner.java:375)
	at org.testng.SuiteRunner.privateRun(SuiteRunner.java:340)
	at org.testng.SuiteRunner.run(SuiteRunner.java:289)
	at org.testng.SuiteRunnerWorker.runSuite(SuiteRunnerWorker.java:52)
	at org.testng.SuiteRunnerWorker.run(SuiteRunnerWorker.java:86)
	at org.testng.TestNG.runSuitesSequentially(TestNG.java:1301)
	at org.testng.TestNG.runSuitesLocally(TestNG.java:1226)
	at org.testng.TestNG.runSuites(TestNG.java:1144)
	at org.testng.TestNG.run(TestNG.java:1115)
	at org.testng.remote.AbstractRemoteTestNG.run(AbstractRemoteTestNG.java:114)
	at org.testng.remote.RemoteTestNG.initAndRun(RemoteTestNG.java:251)
	at org.testng.remote.RemoteTestNG.main(RemoteTestNG.java:77)
]]>
            </full-stacktrace>
          </exception> <!-- java.lang.AssertionError -->
          <reporter-output>
          </reporter-output>
        </test-method> <!-- validateLogincredentials -->
        <test-method status="PASS" signature="TearDown()[pri:0, instance:com.qa.testcases.LoginPageTest@18067a5]" name="TearDown" is-config="true" duration-ms="207" started-at="2018-06-03T21:13:11Z" finished-at="2018-06-03T21:13:11Z">
          <reporter-output>
          </reporter-output>
        </test-method> <!-- TearDown -->
        <test-method status="PASS" signature="Setup()[pri:0, instance:com.qa.testcases.LoginPageTest@18067a5]" name="Setup" is-config="true" duration-ms="33503" started-at="2018-06-03T21:13:11Z" finished-at="2018-06-03T21:13:45Z">
          <reporter-output>
          </reporter-output>
        </test-method> <!-- Setup -->
        <test-method status="PASS" signature="validateLogincredentials(java.lang.String, java.lang.String)[pri:1, instance:com.qa.testcases.LoginPageTest@18067a5]" name="validateLogincredentials" duration-ms="10238" started-at="2018-06-03T21:13:45Z" data-provider="getNewToursTestData" finished-at="2018-06-03T21:13:55Z">
          <params>
            <param index="0">
              <value>
                <![CDATA[tutorial]]>
              </value>
            </param>
            <param index="1">
              <value>
                <![CDATA[tutorial]]>
              </value>
            </param>
          </params>
          <reporter-output>
          </reporter-output>
        </test-method> <!-- validateLogincredentials -->
        <test-method status="PASS" signature="TearDown()[pri:0, instance:com.qa.testcases.LoginPageTest@18067a5]" name="TearDown" is-config="true" duration-ms="129" started-at="2018-06-03T21:13:55Z" finished-at="2018-06-03T21:13:55Z">
          <reporter-output>
          </reporter-output>
        </test-method> <!-- TearDown -->
        <test-method status="PASS" signature="Setup()[pri:0, instance:com.qa.testcases.LoginPageTest@18067a5]" name="Setup" is-config="true" duration-ms="36123" started-at="2018-06-03T21:13:55Z" finished-at="2018-06-03T21:14:31Z">
          <reporter-output>
          </reporter-output>
        </test-method> <!-- Setup -->
        <test-method status="PASS" signature="validateLogincredentials(java.lang.String, java.lang.String)[pri:1, instance:com.qa.testcases.LoginPageTest@18067a5]" name="validateLogincredentials" duration-ms="10263" started-at="2018-06-03T21:14:31Z" data-provider="getNewToursTestData" finished-at="2018-06-03T21:14:42Z">
          <params>
            <param index="0">
              <value>
                <![CDATA[tutorial]]>
              </value>
            </param>
            <param index="1">
              <value>
                <![CDATA[tutorial]]>
              </value>
            </param>
          </params>
          <reporter-output>
          </reporter-output>
        </test-method> <!-- validateLogincredentials -->
        <test-method status="PASS" signature="TearDown()[pri:0, instance:com.qa.testcases.LoginPageTest@18067a5]" name="TearDown" is-config="true" duration-ms="308" started-at="2018-06-03T21:14:42Z" finished-at="2018-06-03T21:14:42Z">
          <reporter-output>
          </reporter-output>
        </test-method> <!-- TearDown -->
        <test-method status="PASS" signature="Setup()[pri:0, instance:com.qa.testcases.LoginPageTest@18067a5]" name="Setup" is-config="true" duration-ms="33230" started-at="2018-06-03T21:14:42Z" finished-at="2018-06-03T21:15:15Z">
          <reporter-output>
          </reporter-output>
        </test-method> <!-- Setup -->
        <test-method status="PASS" signature="validateLogincredentials(java.lang.String, java.lang.String)[pri:1, instance:com.qa.testcases.LoginPageTest@18067a5]" name="validateLogincredentials" duration-ms="4359" started-at="2018-06-03T21:15:15Z" data-provider="getNewToursTestData" finished-at="2018-06-03T21:15:20Z">
          <params>
            <param index="0">
              <value>
                <![CDATA[tutorial]]>
              </value>
            </param>
            <param index="1">
              <value>
                <![CDATA[tutorial]]>
              </value>
            </param>
          </params>
          <reporter-output>
          </reporter-output>
        </test-method> <!-- validateLogincredentials -->
        <test-method status="PASS" signature="TearDown()[pri:0, instance:com.qa.testcases.LoginPageTest@18067a5]" name="TearDown" is-config="true" duration-ms="176" started-at="2018-06-03T21:15:20Z" finished-at="2018-06-03T21:15:20Z">
          <reporter-output>
          </reporter-output>
        </test-method> <!-- TearDown -->
        <test-method status="PASS" signature="Setup()[pri:0, instance:com.qa.testcases.LoginPageTest@18067a5]" name="Setup" is-config="true" duration-ms="38113" started-at="2018-06-03T21:15:20Z" finished-at="2018-06-03T21:15:58Z">
          <reporter-output>
          </reporter-output>
        </test-method> <!-- Setup -->
        <test-method status="PASS" signature="validateLogincredentials(java.lang.String, java.lang.String)[pri:1, instance:com.qa.testcases.LoginPageTest@18067a5]" name="validateLogincredentials" duration-ms="8445" started-at="2018-06-03T21:15:58Z" data-provider="getNewToursTestData" finished-at="2018-06-03T21:16:06Z">
          <params>
            <param index="0">
              <value>
                <![CDATA[tutorial]]>
              </value>
            </param>
            <param index="1">
              <value>
                <![CDATA[tutorial]]>
              </value>
            </param>
          </params>
          <reporter-output>
          </reporter-output>
        </test-method> <!-- validateLogincredentials -->
        <test-method status="PASS" signature="TearDown()[pri:0, instance:com.qa.testcases.LoginPageTest@18067a5]" name="TearDown" is-config="true" duration-ms="2079" started-at="2018-06-03T21:16:06Z" finished-at="2018-06-03T21:16:08Z">
          <reporter-output>
          </reporter-output>
        </test-method> <!-- TearDown -->
      </class> <!-- com.qa.testcases.LoginPageTest -->
    </test> <!-- Default test -->
  </suite> <!-- Default suite -->
</testng-results>
