<?xml version="1.0" encoding="UTF-8"?>
<testng-results skipped="0" failed="4" ignored="0" total="10" passed="6">
  <reporter-output>
  </reporter-output>
  <suite name="FREE CRM Application Test Automation Test Suite" duration-ms="431009" started-at="2018-06-03T15:59:52Z" finished-at="2018-06-03T16:07:03Z">
    <groups>
    </groups>
    <test name="Free CRM App Test Cases" duration-ms="431009" started-at="2018-06-03T15:59:52Z" finished-at="2018-06-03T16:07:03Z">
      <class name="com.qa.testcases.LoginPageTest">
        <test-method status="PASS" signature="Setup()[pri:0, instance:com.qa.testcases.LoginPageTest@ecd4b]" name="Setup" is-config="true" duration-ms="36183" started-at="2018-06-03T21:29:53Z" finished-at="2018-06-03T21:30:29Z">
          <reporter-output>
          </reporter-output>
        </test-method> <!-- Setup -->
        <test-method status="PASS" signature="validateLogincredentials(java.lang.String, java.lang.String)[pri:1, instance:com.qa.testcases.LoginPageTest@ecd4b]" name="validateLogincredentials" duration-ms="9525" started-at="2018-06-03T21:30:29Z" data-provider="getNewToursTestData" finished-at="2018-06-03T21:30:39Z">
          <params>
            <param index="0">
              <value>
                <![CDATA[tutorial]]>
              </value>
            </param>
            <param index="1">
              <value>
                <![CDATA[tutorial]]>
              </value>
            </param>
          </params>
          <reporter-output>
          </reporter-output>
        </test-method> <!-- validateLogincredentials -->
        <test-method status="PASS" signature="TearDown()[pri:0, instance:com.qa.testcases.LoginPageTest@ecd4b]" name="TearDown" is-config="true" duration-ms="2322" started-at="2018-06-03T21:30:39Z" finished-at="2018-06-03T21:30:41Z">
          <reporter-output>
          </reporter-output>
        </test-method> <!-- TearDown -->
        <test-method status="PASS" signature="Setup()[pri:0, instance:com.qa.testcases.LoginPageTest@ecd4b]" name="Setup" is-config="true" duration-ms="36400" started-at="2018-06-03T21:30:41Z" finished-at="2018-06-03T21:31:18Z">
          <reporter-output>
          </reporter-output>
        </test-method> <!-- Setup -->
        <test-method status="FAIL" signature="validateLogincredentials(java.lang.String, java.lang.String)[pri:1, instance:com.qa.testcases.LoginPageTest@ecd4b]" name="validateLogincredentials" duration-ms="2358" started-at="2018-06-03T21:31:18Z" data-provider="getNewToursTestData" finished-at="2018-06-03T21:31:20Z">
          <params>
            <param index="0">
              <value>
                <![CDATA[TUTORIAL]]>
              </value>
            </param>
            <param index="1">
              <value>
                <![CDATA[TUTORIAL]]>
              </value>
            </param>
          </params>
          <exception class="java.lang.AssertionError">
            <message>
              <![CDATA[Test Fail expected [Sign-on: Mercury Tours] but found [Find a Flight: Mercury Tours:]]]>
            </message>
            <full-stacktrace>
              <![CDATA[java.lang.AssertionError: Test Fail expected [Sign-on: Mercury Tours] but found [Find a Flight: Mercury Tours:]
	at org.testng.Assert.fail(Assert.java:93)
	at org.testng.Assert.failNotEquals(Assert.java:512)
	at org.testng.Assert.assertEqualsImpl(Assert.java:134)
	at org.testng.Assert.assertEquals(Assert.java:115)
	at org.testng.Assert.assertEquals(Assert.java:189)
	at com.qa.testcases.LoginPageTest.validateLogincredentials(LoginPageTest.java:52)
	at sun.reflect.NativeMethodAccessorImpl.invoke0(Native Method)
	at sun.reflect.NativeMethodAccessorImpl.invoke(NativeMethodAccessorImpl.java:62)
	at sun.reflect.DelegatingMethodAccessorImpl.invoke(DelegatingMethodAccessorImpl.java:43)
	at java.lang.reflect.Method.invoke(Method.java:497)
	at org.testng.internal.MethodInvocationHelper.invokeMethod(MethodInvocationHelper.java:108)
	at org.testng.internal.Invoker.invokeMethod(Invoker.java:661)
	at org.testng.internal.Invoker.invokeTestMethod(Invoker.java:869)
	at org.testng.internal.Invoker.invokeTestMethods(Invoker.java:1193)
	at org.testng.internal.TestMethodWorker.invokeTestMethods(TestMethodWorker.java:126)
	at org.testng.internal.TestMethodWorker.run(TestMethodWorker.java:109)
	at org.testng.TestRunner.privateRun(TestRunner.java:744)
	at org.testng.TestRunner.run(TestRunner.java:602)
	at org.testng.SuiteRunner.runTest(SuiteRunner.java:380)
	at org.testng.SuiteRunner.runSequentially(SuiteRunner.java:375)
	at org.testng.SuiteRunner.privateRun(SuiteRunner.java:340)
	at org.testng.SuiteRunner.run(SuiteRunner.java:289)
	at org.testng.SuiteRunnerWorker.runSuite(SuiteRunnerWorker.java:52)
	at org.testng.SuiteRunnerWorker.run(SuiteRunnerWorker.java:86)
	at org.testng.TestNG.runSuitesSequentially(TestNG.java:1301)
	at org.testng.TestNG.runSuitesLocally(TestNG.java:1226)
	at org.testng.TestNG.runSuites(TestNG.java:1144)
	at org.testng.TestNG.run(TestNG.java:1115)
	at org.testng.remote.AbstractRemoteTestNG.run(AbstractRemoteTestNG.java:114)
	at org.testng.remote.RemoteTestNG.initAndRun(RemoteTestNG.java:251)
	at org.testng.remote.RemoteTestNG.main(RemoteTestNG.java:77)
]]>
            </full-stacktrace>
          </exception> <!-- java.lang.AssertionError -->
          <reporter-output>
          </reporter-output>
        </test-method> <!-- validateLogincredentials -->
        <test-method status="PASS" signature="TearDown()[pri:0, instance:com.qa.testcases.LoginPageTest@ecd4b]" name="TearDown" is-config="true" duration-ms="154" started-at="2018-06-03T21:31:20Z" finished-at="2018-06-03T21:31:20Z">
          <reporter-output>
          </reporter-output>
        </test-method> <!-- TearDown -->
        <test-method status="PASS" signature="Setup()[pri:0, instance:com.qa.testcases.LoginPageTest@ecd4b]" name="Setup" is-config="true" duration-ms="36920" started-at="2018-06-03T21:31:20Z" finished-at="2018-06-03T21:31:57Z">
          <reporter-output>
          </reporter-output>
        </test-method> <!-- Setup -->
        <test-method status="FAIL" signature="validateLogincredentials(java.lang.String, java.lang.String)[pri:1, instance:com.qa.testcases.LoginPageTest@ecd4b]" name="validateLogincredentials" duration-ms="7482" started-at="2018-06-03T21:31:57Z" data-provider="getNewToursTestData" finished-at="2018-06-03T21:32:05Z">
          <params>
            <param index="0">
              <value>
                <![CDATA[TEST]]>
              </value>
            </param>
            <param index="1">
              <value>
                <![CDATA[TEST]]>
              </value>
            </param>
          </params>
          <exception class="java.lang.AssertionError">
            <message>
              <![CDATA[Test Fail expected [Sign-on: Mercury Tours] but found [Find a Flight: Mercury Tours:]]]>
            </message>
            <full-stacktrace>
              <![CDATA[java.lang.AssertionError: Test Fail expected [Sign-on: Mercury Tours] but found [Find a Flight: Mercury Tours:]
	at org.testng.Assert.fail(Assert.java:93)
	at org.testng.Assert.failNotEquals(Assert.java:512)
	at org.testng.Assert.assertEqualsImpl(Assert.java:134)
	at org.testng.Assert.assertEquals(Assert.java:115)
	at org.testng.Assert.assertEquals(Assert.java:189)
	at com.qa.testcases.LoginPageTest.validateLogincredentials(LoginPageTest.java:52)
	at sun.reflect.NativeMethodAccessorImpl.invoke0(Native Method)
	at sun.reflect.NativeMethodAccessorImpl.invoke(NativeMethodAccessorImpl.java:62)
	at sun.reflect.DelegatingMethodAccessorImpl.invoke(DelegatingMethodAccessorImpl.java:43)
	at java.lang.reflect.Method.invoke(Method.java:497)
	at org.testng.internal.MethodInvocationHelper.invokeMethod(MethodInvocationHelper.java:108)
	at org.testng.internal.Invoker.invokeMethod(Invoker.java:661)
	at org.testng.internal.Invoker.invokeTestMethod(Invoker.java:869)
	at org.testng.internal.Invoker.invokeTestMethods(Invoker.java:1193)
	at org.testng.internal.TestMethodWorker.invokeTestMethods(TestMethodWorker.java:126)
	at org.testng.internal.TestMethodWorker.run(TestMethodWorker.java:109)
	at org.testng.TestRunner.privateRun(TestRunner.java:744)
	at org.testng.TestRunner.run(TestRunner.java:602)
	at org.testng.SuiteRunner.runTest(SuiteRunner.java:380)
	at org.testng.SuiteRunner.runSequentially(SuiteRunner.java:375)
	at org.testng.SuiteRunner.privateRun(SuiteRunner.java:340)
	at org.testng.SuiteRunner.run(SuiteRunner.java:289)
	at org.testng.SuiteRunnerWorker.runSuite(SuiteRunnerWorker.java:52)
	at org.testng.SuiteRunnerWorker.run(SuiteRunnerWorker.java:86)
	at org.testng.TestNG.runSuitesSequentially(TestNG.java:1301)
	at org.testng.TestNG.runSuitesLocally(TestNG.java:1226)
	at org.testng.TestNG.runSuites(TestNG.java:1144)
	at org.testng.TestNG.run(TestNG.java:1115)
	at org.testng.remote.AbstractRemoteTestNG.run(AbstractRemoteTestNG.java:114)
	at org.testng.remote.RemoteTestNG.initAndRun(RemoteTestNG.java:251)
	at org.testng.remote.RemoteTestNG.main(RemoteTestNG.java:77)
]]>
            </full-stacktrace>
          </exception> <!-- java.lang.AssertionError -->
          <reporter-output>
          </reporter-output>
        </test-method> <!-- validateLogincredentials -->
        <test-method status="PASS" signature="TearDown()[pri:0, instance:com.qa.testcases.LoginPageTest@ecd4b]" name="TearDown" is-config="true" duration-ms="2324" started-at="2018-06-03T21:32:05Z" finished-at="2018-06-03T21:32:07Z">
          <reporter-output>
          </reporter-output>
        </test-method> <!-- TearDown -->
        <test-method status="PASS" signature="Setup()[pri:0, instance:com.qa.testcases.LoginPageTest@ecd4b]" name="Setup" is-config="true" duration-ms="41664" started-at="2018-06-03T21:32:07Z" finished-at="2018-06-03T21:32:49Z">
          <reporter-output>
          </reporter-output>
        </test-method> <!-- Setup -->
        <test-method status="PASS" signature="validateLogincredentials(java.lang.String, java.lang.String)[pri:1, instance:com.qa.testcases.LoginPageTest@ecd4b]" name="validateLogincredentials" duration-ms="5937" started-at="2018-06-03T21:32:49Z" data-provider="getNewToursTestData" finished-at="2018-06-03T21:32:54Z">
          <params>
            <param index="0">
              <value>
                <![CDATA[tutorial]]>
              </value>
            </param>
            <param index="1">
              <value>
                <![CDATA[tutorial]]>
              </value>
            </param>
          </params>
          <reporter-output>
          </reporter-output>
        </test-method> <!-- validateLogincredentials -->
        <test-method status="PASS" signature="TearDown()[pri:0, instance:com.qa.testcases.LoginPageTest@ecd4b]" name="TearDown" is-config="true" duration-ms="127" started-at="2018-06-03T21:32:54Z" finished-at="2018-06-03T21:32:55Z">
          <reporter-output>
          </reporter-output>
        </test-method> <!-- TearDown -->
        <test-method status="PASS" signature="Setup()[pri:0, instance:com.qa.testcases.LoginPageTest@ecd4b]" name="Setup" is-config="true" duration-ms="34986" started-at="2018-06-03T21:32:55Z" finished-at="2018-06-03T21:33:30Z">
          <reporter-output>
          </reporter-output>
        </test-method> <!-- Setup -->
        <test-method status="FAIL" signature="validateLogincredentials(java.lang.String, java.lang.String)[pri:1, instance:com.qa.testcases.LoginPageTest@ecd4b]" name="validateLogincredentials" duration-ms="2305" started-at="2018-06-03T21:33:30Z" data-provider="getNewToursTestData" finished-at="2018-06-03T21:33:32Z">
          <params>
            <param index="0">
              <value>
                <![CDATA[test]]>
              </value>
            </param>
            <param index="1">
              <value>
                <![CDATA[test555]]>
              </value>
            </param>
          </params>
          <exception class="java.lang.AssertionError">
            <message>
              <![CDATA[Test Fail expected [Sign-on: Mercury Tours] but found [Find a Flight: Mercury Tours:]]]>
            </message>
            <full-stacktrace>
              <![CDATA[java.lang.AssertionError: Test Fail expected [Sign-on: Mercury Tours] but found [Find a Flight: Mercury Tours:]
	at org.testng.Assert.fail(Assert.java:93)
	at org.testng.Assert.failNotEquals(Assert.java:512)
	at org.testng.Assert.assertEqualsImpl(Assert.java:134)
	at org.testng.Assert.assertEquals(Assert.java:115)
	at org.testng.Assert.assertEquals(Assert.java:189)
	at com.qa.testcases.LoginPageTest.validateLogincredentials(LoginPageTest.java:52)
	at sun.reflect.NativeMethodAccessorImpl.invoke0(Native Method)
	at sun.reflect.NativeMethodAccessorImpl.invoke(NativeMethodAccessorImpl.java:62)
	at sun.reflect.DelegatingMethodAccessorImpl.invoke(DelegatingMethodAccessorImpl.java:43)
	at java.lang.reflect.Method.invoke(Method.java:497)
	at org.testng.internal.MethodInvocationHelper.invokeMethod(MethodInvocationHelper.java:108)
	at org.testng.internal.Invoker.invokeMethod(Invoker.java:661)
	at org.testng.internal.Invoker.invokeTestMethod(Invoker.java:869)
	at org.testng.internal.Invoker.invokeTestMethods(Invoker.java:1193)
	at org.testng.internal.TestMethodWorker.invokeTestMethods(TestMethodWorker.java:126)
	at org.testng.internal.TestMethodWorker.run(TestMethodWorker.java:109)
	at org.testng.TestRunner.privateRun(TestRunner.java:744)
	at org.testng.TestRunner.run(TestRunner.java:602)
	at org.testng.SuiteRunner.runTest(SuiteRunner.java:380)
	at org.testng.SuiteRunner.runSequentially(SuiteRunner.java:375)
	at org.testng.SuiteRunner.privateRun(SuiteRunner.java:340)
	at org.testng.SuiteRunner.run(SuiteRunner.java:289)
	at org.testng.SuiteRunnerWorker.runSuite(SuiteRunnerWorker.java:52)
	at org.testng.SuiteRunnerWorker.run(SuiteRunnerWorker.java:86)
	at org.testng.TestNG.runSuitesSequentially(TestNG.java:1301)
	at org.testng.TestNG.runSuitesLocally(TestNG.java:1226)
	at org.testng.TestNG.runSuites(TestNG.java:1144)
	at org.testng.TestNG.run(TestNG.java:1115)
	at org.testng.remote.AbstractRemoteTestNG.run(AbstractRemoteTestNG.java:114)
	at org.testng.remote.RemoteTestNG.initAndRun(RemoteTestNG.java:251)
	at org.testng.remote.RemoteTestNG.main(RemoteTestNG.java:77)
]]>
            </full-stacktrace>
          </exception> <!-- java.lang.AssertionError -->
          <reporter-output>
          </reporter-output>
        </test-method> <!-- validateLogincredentials -->
        <test-method status="PASS" signature="TearDown()[pri:0, instance:com.qa.testcases.LoginPageTest@ecd4b]" name="TearDown" is-config="true" duration-ms="62" started-at="2018-06-03T21:33:32Z" finished-at="2018-06-03T21:33:32Z">
          <reporter-output>
          </reporter-output>
        </test-method> <!-- TearDown -->
        <test-method status="PASS" signature="Setup()[pri:0, instance:com.qa.testcases.LoginPageTest@ecd4b]" name="Setup" is-config="true" duration-ms="36435" started-at="2018-06-03T21:33:32Z" finished-at="2018-06-03T21:34:08Z">
          <reporter-output>
          </reporter-output>
        </test-method> <!-- Setup -->
        <test-method status="FAIL" signature="validateLogincredentials(java.lang.String, java.lang.String)[pri:1, instance:com.qa.testcases.LoginPageTest@ecd4b]" name="validateLogincredentials" duration-ms="4087" started-at="2018-06-03T21:34:08Z" data-provider="getNewToursTestData" finished-at="2018-06-03T21:34:13Z">
          <params>
            <param index="0">
              <value>
                <![CDATA[naveen]]>
              </value>
            </param>
            <param index="1">
              <value>
                <![CDATA[naveen@123]]>
              </value>
            </param>
          </params>
          <exception class="java.lang.AssertionError">
            <message>
              <![CDATA[Test Fail expected [Sign-on: Mercury Tours] but found [Find a Flight: Mercury Tours:]]]>
            </message>
            <full-stacktrace>
              <![CDATA[java.lang.AssertionError: Test Fail expected [Sign-on: Mercury Tours] but found [Find a Flight: Mercury Tours:]
	at org.testng.Assert.fail(Assert.java:93)
	at org.testng.Assert.failNotEquals(Assert.java:512)
	at org.testng.Assert.assertEqualsImpl(Assert.java:134)
	at org.testng.Assert.assertEquals(Assert.java:115)
	at org.testng.Assert.assertEquals(Assert.java:189)
	at com.qa.testcases.LoginPageTest.validateLogincredentials(LoginPageTest.java:52)
	at sun.reflect.NativeMethodAccessorImpl.invoke0(Native Method)
	at sun.reflect.NativeMethodAccessorImpl.invoke(NativeMethodAccessorImpl.java:62)
	at sun.reflect.DelegatingMethodAccessorImpl.invoke(DelegatingMethodAccessorImpl.java:43)
	at java.lang.reflect.Method.invoke(Method.java:497)
	at org.testng.internal.MethodInvocationHelper.invokeMethod(MethodInvocationHelper.java:108)
	at org.testng.internal.Invoker.invokeMethod(Invoker.java:661)
	at org.testng.internal.Invoker.invokeTestMethod(Invoker.java:869)
	at org.testng.internal.Invoker.invokeTestMethods(Invoker.java:1193)
	at org.testng.internal.TestMethodWorker.invokeTestMethods(TestMethodWorker.java:126)
	at org.testng.internal.TestMethodWorker.run(TestMethodWorker.java:109)
	at org.testng.TestRunner.privateRun(TestRunner.java:744)
	at org.testng.TestRunner.run(TestRunner.java:602)
	at org.testng.SuiteRunner.runTest(SuiteRunner.java:380)
	at org.testng.SuiteRunner.runSequentially(SuiteRunner.java:375)
	at org.testng.SuiteRunner.privateRun(SuiteRunner.java:340)
	at org.testng.SuiteRunner.run(SuiteRunner.java:289)
	at org.testng.SuiteRunnerWorker.runSuite(SuiteRunnerWorker.java:52)
	at org.testng.SuiteRunnerWorker.run(SuiteRunnerWorker.java:86)
	at org.testng.TestNG.runSuitesSequentially(TestNG.java:1301)
	at org.testng.TestNG.runSuitesLocally(TestNG.java:1226)
	at org.testng.TestNG.runSuites(TestNG.java:1144)
	at org.testng.TestNG.run(TestNG.java:1115)
	at org.testng.remote.AbstractRemoteTestNG.run(AbstractRemoteTestNG.java:114)
	at org.testng.remote.RemoteTestNG.initAndRun(RemoteTestNG.java:251)
	at org.testng.remote.RemoteTestNG.main(RemoteTestNG.java:77)
]]>
            </full-stacktrace>
          </exception> <!-- java.lang.AssertionError -->
          <reporter-output>
          </reporter-output>
        </test-method> <!-- validateLogincredentials -->
        <test-method status="PASS" signature="TearDown()[pri:0, instance:com.qa.testcases.LoginPageTest@ecd4b]" name="TearDown" is-config="true" duration-ms="2057" started-at="2018-06-03T21:34:13Z" finished-at="2018-06-03T21:34:15Z">
          <reporter-output>
          </reporter-output>
        </test-method> <!-- TearDown -->
        <test-method status="PASS" signature="Setup()[pri:0, instance:com.qa.testcases.LoginPageTest@ecd4b]" name="Setup" is-config="true" duration-ms="38278" started-at="2018-06-03T21:34:15Z" finished-at="2018-06-03T21:34:53Z">
          <reporter-output>
          </reporter-output>
        </test-method> <!-- Setup -->
        <test-method status="PASS" signature="validateLogincredentials(java.lang.String, java.lang.String)[pri:1, instance:com.qa.testcases.LoginPageTest@ecd4b]" name="validateLogincredentials" duration-ms="4383" started-at="2018-06-03T21:34:53Z" data-provider="getNewToursTestData" finished-at="2018-06-03T21:34:57Z">
          <params>
            <param index="0">
              <value>
                <![CDATA[tutorial]]>
              </value>
            </param>
            <param index="1">
              <value>
                <![CDATA[tutorial]]>
              </value>
            </param>
          </params>
          <reporter-output>
          </reporter-output>
        </test-method> <!-- validateLogincredentials -->
        <test-method status="PASS" signature="TearDown()[pri:0, instance:com.qa.testcases.LoginPageTest@ecd4b]" name="TearDown" is-config="true" duration-ms="2142" started-at="2018-06-03T21:34:57Z" finished-at="2018-06-03T21:34:59Z">
          <reporter-output>
          </reporter-output>
        </test-method> <!-- TearDown -->
        <test-method status="PASS" signature="Setup()[pri:0, instance:com.qa.testcases.LoginPageTest@ecd4b]" name="Setup" is-config="true" duration-ms="34996" started-at="2018-06-03T21:34:59Z" finished-at="2018-06-03T21:35:34Z">
          <reporter-output>
          </reporter-output>
        </test-method> <!-- Setup -->
        <test-method status="PASS" signature="validateLogincredentials(java.lang.String, java.lang.String)[pri:1, instance:com.qa.testcases.LoginPageTest@ecd4b]" name="validateLogincredentials" duration-ms="4215" started-at="2018-06-03T21:35:34Z" data-provider="getNewToursTestData" finished-at="2018-06-03T21:35:39Z">
          <params>
            <param index="0">
              <value>
                <![CDATA[tutorial]]>
              </value>
            </param>
            <param index="1">
              <value>
                <![CDATA[tutorial]]>
              </value>
            </param>
          </params>
          <reporter-output>
          </reporter-output>
        </test-method> <!-- validateLogincredentials -->
        <test-method status="PASS" signature="TearDown()[pri:0, instance:com.qa.testcases.LoginPageTest@ecd4b]" name="TearDown" is-config="true" duration-ms="2082" started-at="2018-06-03T21:35:39Z" finished-at="2018-06-03T21:35:41Z">
          <reporter-output>
          </reporter-output>
        </test-method> <!-- TearDown -->
        <test-method status="PASS" signature="Setup()[pri:0, instance:com.qa.testcases.LoginPageTest@ecd4b]" name="Setup" is-config="true" duration-ms="33452" started-at="2018-06-03T21:35:41Z" finished-at="2018-06-03T21:36:14Z">
          <reporter-output>
          </reporter-output>
        </test-method> <!-- Setup -->
        <test-method status="PASS" signature="validateLogincredentials(java.lang.String, java.lang.String)[pri:1, instance:com.qa.testcases.LoginPageTest@ecd4b]" name="validateLogincredentials" duration-ms="4537" started-at="2018-06-03T21:36:14Z" data-provider="getNewToursTestData" finished-at="2018-06-03T21:36:19Z">
          <params>
            <param index="0">
              <value>
                <![CDATA[tutorial]]>
              </value>
            </param>
            <param index="1">
              <value>
                <![CDATA[tutorial]]>
              </value>
            </param>
          </params>
          <reporter-output>
          </reporter-output>
        </test-method> <!-- validateLogincredentials -->
        <test-method status="PASS" signature="TearDown()[pri:0, instance:com.qa.testcases.LoginPageTest@ecd4b]" name="TearDown" is-config="true" duration-ms="131" started-at="2018-06-03T21:36:19Z" finished-at="2018-06-03T21:36:19Z">
          <reporter-output>
          </reporter-output>
        </test-method> <!-- TearDown -->
        <test-method status="PASS" signature="Setup()[pri:0, instance:com.qa.testcases.LoginPageTest@ecd4b]" name="Setup" is-config="true" duration-ms="37817" started-at="2018-06-03T21:36:19Z" finished-at="2018-06-03T21:36:57Z">
          <reporter-output>
          </reporter-output>
        </test-method> <!-- Setup -->
        <test-method status="PASS" signature="validateLogincredentials(java.lang.String, java.lang.String)[pri:1, instance:com.qa.testcases.LoginPageTest@ecd4b]" name="validateLogincredentials" duration-ms="4478" started-at="2018-06-03T21:36:57Z" data-provider="getNewToursTestData" finished-at="2018-06-03T21:37:01Z">
          <params>
            <param index="0">
              <value>
                <![CDATA[tutorial]]>
              </value>
            </param>
            <param index="1">
              <value>
                <![CDATA[tutorial]]>
              </value>
            </param>
          </params>
          <reporter-output>
          </reporter-output>
        </test-method> <!-- validateLogincredentials -->
        <test-method status="PASS" signature="TearDown()[pri:0, instance:com.qa.testcases.LoginPageTest@ecd4b]" name="TearDown" is-config="true" duration-ms="2077" started-at="2018-06-03T21:37:01Z" finished-at="2018-06-03T21:37:03Z">
          <reporter-output>
          </reporter-output>
        </test-method> <!-- TearDown -->
      </class> <!-- com.qa.testcases.LoginPageTest -->
    </test> <!-- Free CRM App Test Cases -->
  </suite> <!-- FREE CRM Application Test Automation Test Suite -->
</testng-results>
